2020-05-01 13:07:49,574 INFO
2020-05-01 13:07:49,575 INFO
2020-05-01 13:29:48,325 INFO
2020-05-01 13:29:48,326 INFO
2020-05-01 14:30:02,362 INFO
2020-05-01 14:30:02,363 INFO
2020-05-01 14:31:39,248 INFO
2020-05-01 14:32:05,914 INFO
2020-05-01 14:32:05,915 INFO
2020-05-01 14:33:48,874 INFO
2020-05-01 14:34:16,299 INFO
2020-05-01 14:34:16,299 INFO
2020-05-01 14:35:10,288 INFO
2020-05-01 14:35:10,289 INFO
2020-05-01 14:36:46,565 INFO
2020-05-01 14:37:13,683 INFO
2020-05-01 14:37:13,684 INFO
2020-05-01 14:38:53,341 INFO
2020-05-01 14:39:20,455 INFO
2020-05-01 14:40:59,104 INFO
2020-05-01 14:41:26,346 INFO
2020-05-01 14:41:26,347 INFO
2020-05-01 14:43:06,292 INFO
2020-05-01 14:43:33,301 INFO
2020-05-01 14:45:13,535 INFO
2020-05-01 14:45:40,613 INFO
2020-05-01 14:47:20,089 INFO
2020-05-01 14:47:47,100 INFO
2020-05-01 14:47:47,101 INFO
2020-05-01 14:49:28,125 INFO
2020-05-01 14:49:55,313 INFO
2020-05-01 14:51:34,635 INFO
2020-05-01 14:52:01,870 INFO
2020-05-01 14:53:45,087 INFO
2020-05-01 14:59:24,216 INFO
2020-05-01 14:59:24,217 INFO
2020-05-01 15:00:59,720 INFO
2020-05-01 15:01:26,975 INFO
2020-05-01 15:01:26,975 INFO
2020-05-01 15:03:07,398 INFO
2020-05-01 15:03:34,959 INFO
2020-05-01 15:05:17,638 INFO
2020-05-01 15:05:45,244 INFO
2020-05-01 15:07:28,475 INFO
2020-05-01 15:07:55,822 INFO
2020-05-01 15:09:36,027 INFO
2020-05-01 15:10:03,246 INFO
2020-05-01 15:11:43,230 INFO
2020-05-01 15:12:10,364 INFO
2020-05-01 15:13:50,965 INFO
2020-05-01 15:14:18,015 INFO
2020-05-01 15:15:58,407 INFO
2020-05-01 15:16:26,179 INFO
2020-05-01 15:18:07,917 INFO
2020-05-01 15:18:35,092 INFO
2020-05-01 15:20:15,966 INFO
2020-05-01 15:20:43,109 INFO
2020-05-01 21:38:51,077 INFO
2020-05-01 21:38:51,077 INFO
2020-05-01 21:40:27,932 INFO
2020-05-01 21:40:54,296 INFO
2020-05-01 21:40:54,296 INFO
2020-05-01 21:42:35,220 INFO
2020-05-01 21:43:02,648 INFO
2020-05-01 21:43:02,648 INFO
2020-05-01 21:44:46,484 INFO
2020-05-01 21:45:13,872 INFO
2020-05-01 21:46:56,054 INFO
2020-05-01 21:47:23,463 INFO
2020-05-01 21:47:23,464 INFO
2020-05-01 21:49:04,344 INFO
2020-05-01 21:49:31,843 INFO
2020-05-01 21:51:14,990 INFO
2020-05-01 21:51:42,215 INFO
2020-05-01 21:53:23,144 INFO
2020-05-01 21:53:50,565 INFO
2020-05-01 21:53:50,566 INFO
2020-05-01 21:55:34,681 INFO
2020-05-01 21:56:01,942 INFO
2020-05-01 21:57:42,712 INFO
2020-05-01 21:58:10,271 INFO
2020-05-01 21:59:49,331 INFO
2020-05-01 22:00:16,546 INFO
2020-05-01 22:01:56,506 INFO
2020-05-01 22:02:23,664 INFO
2020-05-01 22:04:04,460 INFO
2020-05-01 22:04:31,808 INFO
2020-05-01 22:12:27,086 INFO
2020-05-01 22:12:27,087 INFO
2020-05-01 22:14:05,667 INFO
2020-05-01 22:14:32,540 INFO
2020-05-01 22:14:32,541 INFO
2020-05-01 22:16:11,139 INFO
2020-05-01 22:16:38,872 INFO
2020-05-01 22:16:38,872 INFO
2020-05-01 22:18:18,445 INFO
2020-05-01 22:18:45,715 INFO
2020-05-01 22:18:45,716 INFO
2020-05-01 22:20:24,601 INFO
2020-05-01 22:20:51,886 INFO
2020-05-01 22:22:35,303 INFO
2020-05-01 22:23:02,374 INFO
2020-05-01 22:24:41,086 INFO
2020-05-01 22:25:08,493 INFO
2020-05-01 22:26:46,873 INFO
2020-05-01 22:27:14,192 INFO
2020-05-01 22:28:54,020 INFO
2020-05-01 22:29:21,176 INFO
2020-05-01 22:30:59,166 INFO
2020-05-01 22:31:26,383 INFO
2020-05-01 22:33:03,494 INFO
2020-05-01 22:33:31,056 INFO
2020-05-01 22:35:10,866 INFO
2020-05-01 22:35:37,991 INFO
2020-05-01 22:35:37,991 INFO
2020-05-01 22:37:18,058 INFO
2020-05-01 22:37:45,090 INFO
2020-05-01 22:39:24,956 INFO
2020-05-01 22:39:52,022 INFO
2020-05-01 22:41:31,310 INFO
2020-05-01 22:41:58,376 INFO
2020-05-01 22:43:37,112 INFO
2020-05-01 22:44:04,350 INFO
2020-05-01 22:45:43,007 INFO
2020-05-01 22:46:10,165 INFO
2020-05-01 22:47:48,794 INFO
2020-05-01 22:48:16,086 INFO
2020-05-01 22:49:57,084 INFO
2020-05-01 22:50:24,118 INFO
2020-05-01 22:52:02,763 INFO
2020-05-01 22:52:30,190 INFO
2020-05-01 22:54:10,164 INFO
2020-05-01 22:54:37,099 INFO
2020-05-01 22:56:18,317 INFO
2020-05-01 22:56:45,333 INFO
2020-05-01 22:58:25,544 INFO
2020-05-01 22:58:52,739 INFO
2020-05-01 23:00:31,663 INFO
2020-05-01 23:00:59,279 INFO
2020-05-01 23:02:37,881 INFO
2020-05-01 23:03:05,065 INFO
2020-05-01 23:04:45,065 INFO
2020-05-01 23:05:12,048 INFO
2020-05-01 23:06:50,663 INFO
2020-05-01 23:07:17,643 INFO
2020-05-01 23:08:59,584 INFO
2020-05-01 23:09:26,622 INFO
2020-05-01 23:11:05,653 INFO
2020-05-01 23:11:32,799 INFO
2020-05-01 23:13:12,778 INFO
2020-05-01 23:13:39,963 INFO
2020-05-01 23:15:18,569 INFO
2020-05-01 23:15:45,642 INFO
2020-05-01 23:17:25,424 INFO
2020-05-01 23:17:52,544 INFO
2020-05-01 23:19:31,281 INFO
2020-05-01 23:19:58,405 INFO
2020-05-01 23:21:38,289 INFO
2020-05-01 23:22:05,464 INFO
2020-05-01 23:23:44,404 INFO
2020-05-01 23:24:11,403 INFO
2020-05-01 23:25:51,968 INFO
2020-05-01 23:26:19,038 INFO
2020-05-01 23:28:00,374 INFO
2020-05-01 23:28:27,646 INFO
2020-05-01 23:30:07,513 INFO
2020-05-01 23:30:34,669 INFO
2020-05-01 23:32:14,532 INFO
2020-05-01 23:32:41,605 INFO
2020-05-01 23:34:20,896 INFO
2020-05-01 23:34:48,246 INFO
2020-05-01 23:36:28,208 INFO
2020-05-01 23:36:55,311 INFO
2020-05-01 23:38:32,900 INFO
2020-05-01 23:39:00,055 INFO
2020-05-01 23:40:38,574 INFO
2020-05-01 23:41:05,763 INFO
2020-05-01 23:42:44,640 INFO
2020-05-01 23:43:11,828 INFO
2020-05-01 23:44:51,196 INFO
2020-05-01 23:45:18,216 INFO
2020-05-01 23:46:57,107 INFO
2020-05-01 23:47:24,272 INFO
2020-05-01 23:49:03,198 INFO
2020-05-01 23:49:30,330 INFO
2020-05-01 23:51:09,029 INFO
2020-05-01 23:51:36,161 INFO
2020-05-01 23:53:18,904 INFO
2020-05-01 23:53:45,769 INFO
2020-05-01 23:55:24,931 INFO
2020-05-01 23:55:52,127 INFO
2020-05-02 18:23:20,497 :++++++++++++++++++++++++++++++++++++++++++++++++++++++++++++++++++++++++++++++++++++++++++++++++++
2020-05-02 18:23:20,497 :	New Train Loop Start:
2020-05-02 18:24:58,951 :	epoch 1: 70. label loss:    1.799 plant loss:    3.693 accuracy:    0.043
2020-05-02 18:25:25,730 :	 Test label accuracy    0.179  Test label loss     1.812
2020-05-02 18:25:25,730 :		saving model with new best loss 1.8116501314299447
2020-05-02 18:27:04,962 :	epoch 2: 70. label loss:    1.741 plant loss:    3.696 accuracy:    0.063
2020-05-02 18:27:32,431 :	 Test label accuracy    0.339  Test label loss     1.637
2020-05-02 18:27:32,432 :		saving model with new best loss 1.6369194899286543
2020-05-02 18:29:11,671 :	epoch 3: 70. label loss:    1.593 plant loss:    3.669 accuracy:    0.084
2020-05-02 18:29:39,098 :	 Test label accuracy    0.250  Test label loss     1.541
2020-05-02 18:29:39,099 :		saving model with new best loss 1.5414459449904305
2020-05-02 18:31:18,459 :	epoch 4: 70. label loss:    1.476 plant loss:    3.590 accuracy:    0.095
2020-05-02 18:31:45,855 :	 Test label accuracy    0.375  Test label loss     1.418
2020-05-02 18:31:45,856 :		saving model with new best loss 1.4178527465888433
2020-05-02 18:33:25,799 :	epoch 5: 70. label loss:    1.296 plant loss:    3.473 accuracy:    0.122
2020-05-02 18:33:53,066 :	 Test label accuracy    0.375  Test label loss     1.278
2020-05-02 18:33:53,066 :		saving model with new best loss 1.2783390368734087
2020-05-02 18:35:34,400 :	epoch 6: 70. label loss:    1.165 plant loss:    3.345 accuracy:    0.125
2020-05-02 18:36:01,673 :	 Test label accuracy    0.429  Test label loss     1.133
2020-05-02 18:36:01,673 :		saving model with new best loss 1.1333912738731928
2020-05-02 18:37:42,836 :	epoch 7: 70. label loss:    1.027 plant loss:    3.234 accuracy:    0.143
2020-05-02 18:38:09,999 :	 Test label accuracy    0.375  Test label loss     1.231
2020-05-02 18:39:49,480 :	epoch 8: 70. label loss:    0.929 plant loss:    3.095 accuracy:    0.162
2020-05-02 18:40:16,630 :	 Test label accuracy    0.643  Test label loss     0.968
2020-05-02 18:40:16,631 :		saving model with new best loss 0.968191031898771
2020-05-02 18:41:57,772 :	epoch 9: 70. label loss:    0.702 plant loss:    2.947 accuracy:    0.180
2020-05-02 18:42:25,021 :	 Test label accuracy    0.554  Test label loss     1.037
2020-05-02 18:44:04,534 :	epoch 10: 70. label loss:    0.622 plant loss:    2.806 accuracy:    0.191
2020-05-02 18:44:31,836 :	 Test label accuracy    0.607  Test label loss     0.992
2020-05-02 18:46:10,972 :	epoch 11: 70. label loss:    0.542 plant loss:    2.706 accuracy:    0.194
2020-05-02 18:46:38,238 :	 Test label accuracy    0.571  Test label loss     0.970
2020-05-02 18:48:18,160 :	epoch 12: 70. label loss:    0.451 plant loss:    2.586 accuracy:    0.208
2020-05-02 18:48:45,613 :	 Test label accuracy    0.482  Test label loss     1.497
2020-05-02 18:50:26,594 :	epoch 13: 70. label loss:    0.529 plant loss:    2.582 accuracy:    0.194
2020-05-02 18:50:53,781 :	 Test label accuracy    0.679  Test label loss     0.840
2020-05-02 18:50:53,781 :		saving model with new best loss 0.8403504597289222
2020-05-02 18:52:35,527 :	epoch 14: 70. label loss:    0.373 plant loss:    2.453 accuracy:    0.221
2020-05-02 18:53:02,774 :	 Test label accuracy    0.750  Test label loss     0.731
2020-05-02 18:53:02,775 :		saving model with new best loss 0.7312254224504743
2020-05-02 18:54:43,543 :	epoch 15: 70. label loss:    0.291 plant loss:    2.345 accuracy:    0.228
2020-05-02 18:55:10,850 :	 Test label accuracy    0.714  Test label loss     0.766
2020-05-02 18:56:50,782 :	epoch 16: 70. label loss:    0.302 plant loss:    2.289 accuracy:    0.221
2020-05-02 18:57:18,293 :	 Test label accuracy    0.429  Test label loss     1.321
2020-05-02 18:58:59,142 :	epoch 17: 70. label loss:    0.301 plant loss:    2.283 accuracy:    0.222
2020-05-02 18:59:26,237 :	 Test label accuracy    0.679  Test label loss     0.741
2020-05-02 19:01:09,108 :	epoch 18: 70. label loss:    0.223 plant loss:    2.161 accuracy:    0.229
2020-05-02 19:01:35,995 :	 Test label accuracy    0.625  Test label loss     1.210
2020-05-02 19:03:16,898 :	epoch 19: 70. label loss:    0.188 plant loss:    2.115 accuracy:    0.235
2020-05-02 19:03:43,960 :	 Test label accuracy    0.661  Test label loss     1.032
2020-05-02 19:05:30,861 :	epoch 20: 70. label loss:    0.222 plant loss:    2.107 accuracy:    0.229
2020-05-02 19:05:57,832 :	 Test label accuracy    0.589  Test label loss     1.097
2020-05-02 19:07:40,885 :	epoch 21: 70. label loss:    0.148 plant loss:    2.018 accuracy:    0.239
2020-05-02 19:08:08,019 :	 Test label accuracy    0.625  Test label loss     0.816
2020-05-02 19:09:51,114 :	epoch 22: 70. label loss:    0.153 plant loss:    1.981 accuracy:    0.238
2020-05-02 19:10:18,458 :	 Test label accuracy    0.625  Test label loss     1.260
2020-05-02 19:12:01,235 :	epoch 23: 70. label loss:    0.081 plant loss:    1.933 accuracy:    0.246
2020-05-02 19:12:28,292 :	 Test label accuracy    0.625  Test label loss     1.385
2020-05-02 19:14:09,003 :	epoch 24: 70. label loss:    0.124 plant loss:    1.903 accuracy:    0.240
2020-05-02 19:14:36,272 :	 Test label accuracy    0.643  Test label loss     0.953
2020-05-02 19:16:16,712 :	epoch 25: 70. label loss:    0.093 plant loss:    1.854 accuracy:    0.242
2020-05-02 19:16:43,847 :	 Test label accuracy    0.482  Test label loss     1.071
2020-05-02 19:18:23,909 :	epoch 26: 70. label loss:    0.069 plant loss:    1.823 accuracy:    0.246
2020-05-02 19:18:50,796 :	 Test label accuracy    0.643  Test label loss     1.776
2020-05-02 19:20:30,316 :	epoch 27: 70. label loss:    0.084 plant loss:    1.809 accuracy:    0.240
2020-05-02 19:20:57,388 :	 Test label accuracy    0.607  Test label loss     1.254
2020-05-02 19:22:39,736 :	epoch 28: 70. label loss:    0.103 plant loss:    1.840 accuracy:    0.243
2020-05-02 19:23:06,830 :	 Test label accuracy    0.536  Test label loss     1.476
2020-05-02 19:24:46,177 :	epoch 29: 70. label loss:    0.068 plant loss:    1.745 accuracy:    0.244
2020-05-02 19:25:13,372 :	 Test label accuracy    0.625  Test label loss     0.954
2020-05-02 19:26:53,303 :	epoch 30: 70. label loss:    0.145 plant loss:    1.792 accuracy:    0.234
2020-05-02 19:27:20,489 :	 Test label accuracy    0.464  Test label loss     1.495
2020-05-02 19:29:00,541 :	epoch 31: 70. label loss:    0.070 plant loss:    1.765 accuracy:    0.247
2020-05-02 19:29:27,761 :	 Test label accuracy    0.607  Test label loss     1.350
2020-05-02 19:31:08,225 :	epoch 32: 70. label loss:    0.050 plant loss:    1.693 accuracy:    0.247
2020-05-02 19:31:35,297 :	 Test label accuracy    0.589  Test label loss     1.321
2020-05-02 19:33:17,136 :	epoch 33: 70. label loss:    0.140 plant loss:    1.815 accuracy:    0.237
2020-05-02 19:33:44,453 :	 Test label accuracy    0.661  Test label loss     1.269
2020-05-02 19:35:24,172 :	epoch 34: 70. label loss:    0.103 plant loss:    1.808 accuracy:    0.242
2020-05-02 19:35:51,247 :	 Test label accuracy    0.518  Test label loss     1.626
2020-05-02 19:37:31,240 :	epoch 35: 70. label loss:    0.084 plant loss:    1.787 accuracy:    0.245
2020-05-02 19:37:58,264 :	 Test label accuracy    0.714  Test label loss     1.037
2020-05-02 19:39:37,576 :	epoch 36: 70. label loss:    0.054 plant loss:    1.726 accuracy:    0.245
2020-05-02 19:40:04,644 :	 Test label accuracy    0.536  Test label loss     1.860
2020-05-02 19:41:49,688 :	epoch 37: 70. label loss:    0.078 plant loss:    1.700 accuracy:    0.244
2020-05-02 19:42:16,602 :	 Test label accuracy    0.643  Test label loss     1.171
2020-05-02 19:44:03,698 :	epoch 38: 70. label loss:    0.050 plant loss:    1.646 accuracy:    0.246
2020-05-02 19:44:30,662 :	 Test label accuracy    0.500  Test label loss     1.545
2020-05-02 19:46:10,458 :	epoch 39: 70. label loss:    0.042 plant loss:    1.655 accuracy:    0.247
2020-05-02 19:46:37,676 :	 Test label accuracy    0.571  Test label loss     1.952
2020-05-02 19:48:19,328 :	epoch 40: 70. label loss:    0.090 plant loss:    1.743 accuracy:    0.242
2020-05-02 19:48:46,329 :	 Test label accuracy    0.446  Test label loss     1.691
2020-05-02 19:50:27,692 :	epoch 41: 70. label loss:    0.075 plant loss:    1.691 accuracy:    0.246
2020-05-02 19:50:54,627 :	 Test label accuracy    0.625  Test label loss     1.365
2020-05-02 19:52:36,014 :	epoch 42: 70. label loss:    0.040 plant loss:    1.660 accuracy:    0.247
2020-05-02 19:53:03,018 :	 Test label accuracy    0.554  Test label loss     2.253
2020-05-02 19:54:42,181 :	epoch 43: 70. label loss:    0.099 plant loss:    1.690 accuracy:    0.238
2020-05-02 19:55:09,595 :	 Test label accuracy    0.696  Test label loss     1.448
2020-05-02 19:56:50,065 :	epoch 44: 70. label loss:    0.065 plant loss:    1.665 accuracy:    0.245
2020-05-02 19:57:17,124 :	 Test label accuracy    0.643  Test label loss     1.273
2020-05-02 19:58:56,092 :	epoch 45: 70. label loss:    0.026 plant loss:    1.628 accuracy:    0.247
2020-05-02 19:59:23,008 :	 Test label accuracy    0.625  Test label loss     1.187
2020-05-02 20:01:01,691 :	epoch 46: 70. label loss:    0.039 plant loss:    1.628 accuracy:    0.246
2020-05-02 20:01:28,588 :	 Test label accuracy    0.643  Test label loss     1.172
2020-05-02 20:03:11,359 :	epoch 47: 70. label loss:    0.012 plant loss:    1.567 accuracy:    0.250
2020-05-02 20:03:38,174 :	 Test label accuracy    0.554  Test label loss     2.242
2020-05-02 20:05:19,285 :	epoch 48: 70. label loss:    0.188 plant loss:    1.851 accuracy:    0.233
2020-05-02 20:05:46,214 :	 Test label accuracy    0.607  Test label loss     1.599
2020-05-02 20:07:32,161 :	epoch 49: 70. label loss:    0.051 plant loss:    1.631 accuracy:    0.246
2020-05-02 20:07:58,703 :	 Test label accuracy    0.679  Test label loss     1.062
2020-05-02 20:09:38,229 :	epoch 50: 70. label loss:    0.009 plant loss:    1.568 accuracy:    0.250
2020-05-02 20:10:05,452 :	 Test label accuracy    0.625  Test label loss     1.560
2020-05-02 20:47:43,379 :++++++++++++++++++++++++++++++++++++++++++++++++++++++++++++++++++++++++++++++++++++++++++++++++++
2020-05-02 20:47:43,379 :	New Train Loop Start:
2020-05-02 20:49:25,700 :	epoch 1: 70. label loss:    1.801 plant loss:    3.692 accuracy:    0.042
2020-05-02 20:49:52,338 :	 Test label accuracy    0.125  Test label loss     1.775
2020-05-02 20:49:52,339 :		saving model with new best loss 1.7751993196351188
2020-05-02 20:51:36,284 :	epoch 2: 70. label loss:    1.759 plant loss:    3.695 accuracy:    0.061
2020-05-02 20:52:03,384 :	 Test label accuracy    0.196  Test label loss     1.763
2020-05-02 20:52:03,384 :		saving model with new best loss 1.7625271933419364
2020-05-02 20:53:43,431 :	epoch 3: 70. label loss:    1.607 plant loss:    3.695 accuracy:    0.084
2020-05-02 20:54:10,743 :	 Test label accuracy    0.286  Test label loss     1.583
2020-05-02 20:54:10,743 :		saving model with new best loss 1.5826040080615453
2020-05-02 20:55:52,365 :	epoch 4: 70. label loss:    1.438 plant loss:    3.614 accuracy:    0.104
2020-05-02 20:56:19,520 :	 Test label accuracy    0.196  Test label loss     1.642
2020-05-02 20:57:57,059 :	epoch 5: 70. label loss:    1.348 plant loss:    3.533 accuracy:    0.108
2020-05-02 20:58:25,000 :	 Test label accuracy    0.357  Test label loss     1.418
2020-05-02 20:58:25,000 :		saving model with new best loss 1.4180040912968772
2020-05-02 21:00:04,063 :	epoch 6: 70. label loss:    1.067 plant loss:    3.360 accuracy:    0.144
2020-05-02 21:00:31,115 :	 Test label accuracy    0.268  Test label loss     1.634
2020-05-02 21:02:14,787 :	epoch 7: 70. label loss:    0.964 plant loss:    3.211 accuracy:    0.147
2020-05-02 21:02:41,671 :	 Test label accuracy    0.268  Test label loss     1.575
2020-05-02 21:04:19,433 :	epoch 8: 70. label loss:    0.859 plant loss:    3.092 accuracy:    0.162
2020-05-02 21:04:46,966 :	 Test label accuracy    0.500  Test label loss     1.354
2020-05-02 21:04:46,967 :		saving model with new best loss 1.3540021181106567
2020-05-02 21:06:30,774 :	epoch 9: 70. label loss:    0.737 plant loss:    2.929 accuracy:    0.176
2020-05-02 21:06:57,734 :	 Test label accuracy    0.571  Test label loss     1.389
2020-05-02 21:08:43,671 :	epoch 10: 70. label loss:    0.660 plant loss:    2.840 accuracy:    0.186
2020-05-02 21:09:10,784 :	 Test label accuracy    0.679  Test label loss     1.224
2020-05-02 21:09:10,784 :		saving model with new best loss 1.2235997532095229
2020-05-02 21:10:58,900 :	epoch 11: 70. label loss:    0.539 plant loss:    2.690 accuracy:    0.196
2020-05-02 21:11:25,567 :	 Test label accuracy    0.482  Test label loss     1.357
2020-05-02 21:13:08,499 :	epoch 12: 70. label loss:    0.521 plant loss:    2.611 accuracy:    0.203
2020-05-02 21:13:35,588 :	 Test label accuracy    0.643  Test label loss     1.271
2020-05-02 21:15:19,229 :	epoch 13: 70. label loss:    0.450 plant loss:    2.585 accuracy:    0.209
2020-05-02 21:15:46,294 :	 Test label accuracy    0.643  Test label loss     1.245
2020-05-02 21:17:30,176 :	epoch 14: 70. label loss:    0.440 plant loss:    2.461 accuracy:    0.204
2020-05-02 21:17:57,109 :	 Test label accuracy    0.589  Test label loss     1.360
2020-05-02 21:19:40,912 :	epoch 15: 70. label loss:    0.344 plant loss:    2.387 accuracy:    0.212
2020-05-02 21:20:08,120 :	 Test label accuracy    0.571  Test label loss     1.316
2020-05-02 21:21:52,286 :	epoch 16: 70. label loss:    0.315 plant loss:    2.302 accuracy:    0.217
2020-05-02 21:22:19,372 :	 Test label accuracy    0.536  Test label loss     1.790
2020-05-02 21:24:07,582 :	epoch 17: 70. label loss:    0.263 plant loss:    2.239 accuracy:    0.232
2020-05-02 21:24:34,585 :	 Test label accuracy    0.429  Test label loss     1.770
2020-05-02 21:26:18,965 :	epoch 18: 70. label loss:      nan plant loss:      nan accuracy:    0.206
2020-05-02 21:26:45,932 :	 Test label accuracy    0.125  Test label loss       nan
2020-05-02 22:20:34,835 :++++++++++++++++++++++++++++++++++++++++++++++++++++++++++++++++++++++++++++++++++++++++++++++++++
2020-05-02 22:20:34,836 :	New Train Loop Start:
2020-05-02 22:22:23,118 :	epoch 1: 70. label loss:    1.808 plant loss:    3.694 accuracy:    0.038
2020-05-02 22:22:46,732 :	 Test label accuracy    0.357  Test label loss     1.784
2020-05-02 22:22:46,732 :		saving model with new best loss 1.7843047721045358
2020-05-02 22:24:34,029 :	epoch 2: 70. label loss:    1.780 plant loss:    3.691 accuracy:    0.054
2020-05-02 22:24:59,975 :	 Test label accuracy    0.357  Test label loss     1.761
2020-05-02 22:24:59,975 :		saving model with new best loss 1.7609275920050484
2020-05-02 22:26:42,068 :	epoch 3: 70. label loss:    1.707 plant loss:    3.688 accuracy:    0.071
2020-05-02 22:27:06,229 :	 Test label accuracy    0.357  Test label loss     1.545
2020-05-02 22:27:06,229 :		saving model with new best loss 1.5446163330759322
2020-05-02 22:28:47,987 :	epoch 4: 70. label loss:    1.467 plant loss:    3.626 accuracy:    0.106
2020-05-02 22:29:11,958 :	 Test label accuracy    0.429  Test label loss     1.362
2020-05-02 22:29:11,958 :		saving model with new best loss 1.3620747923851013
2020-05-02 22:30:51,943 :	epoch 5: 70. label loss:    1.296 plant loss:    3.509 accuracy:    0.117
2020-05-02 22:31:15,658 :	 Test label accuracy    0.411  Test label loss     1.309
2020-05-02 22:31:15,658 :		saving model with new best loss 1.308532246521541
2020-05-02 22:32:56,305 :	epoch 6: 70. label loss:    1.099 plant loss:    3.353 accuracy:    0.137
2020-05-02 22:33:20,287 :	 Test label accuracy    0.464  Test label loss     1.356
2020-05-02 22:35:01,887 :	epoch 7: 70. label loss:    0.880 plant loss:    3.162 accuracy:    0.154
2020-05-02 22:35:25,972 :	 Test label accuracy    0.500  Test label loss     1.294
2020-05-02 22:35:25,973 :		saving model with new best loss 1.2940622142383031
2020-05-02 22:37:08,447 :	epoch 8: 70. label loss:    0.744 plant loss:    3.008 accuracy:    0.171
2020-05-02 22:37:32,341 :	 Test label accuracy    0.536  Test label loss     1.211
2020-05-02 22:37:32,341 :		saving model with new best loss 1.211258928690638
2020-05-02 22:39:14,514 :	epoch 9: 70. label loss:    0.699 plant loss:    2.883 accuracy:    0.175
2020-05-02 22:39:38,617 :	 Test label accuracy    0.518  Test label loss     1.218
2020-05-02 22:41:20,128 :	epoch 10: 70. label loss:    0.619 plant loss:    2.785 accuracy:    0.192
2020-05-02 22:41:44,076 :	 Test label accuracy    0.500  Test label loss     1.126
2020-05-02 22:41:44,076 :		saving model with new best loss 1.1262870047773634
2020-05-02 22:43:24,608 :	epoch 11: 70. label loss:    0.615 plant loss:    2.690 accuracy:    0.195
2020-05-02 22:43:48,860 :	 Test label accuracy    0.625  Test label loss     1.044
2020-05-02 22:43:48,861 :		saving model with new best loss 1.0443196317979269
2020-05-02 22:45:32,300 :	epoch 12: 70. label loss:    0.489 plant loss:    2.606 accuracy:    0.202
2020-05-02 22:45:56,143 :	 Test label accuracy    0.518  Test label loss     1.296
2020-05-02 22:47:36,628 :	epoch 13: 70. label loss:    0.434 plant loss:    2.478 accuracy:    0.208
2020-05-02 22:48:01,519 :	 Test label accuracy    0.571  Test label loss     0.953
2020-05-02 22:48:01,519 :		saving model with new best loss 0.953020236321858
2020-05-02 22:49:42,320 :	epoch 14: 70. label loss:    0.335 plant loss:    2.381 accuracy:    0.221
2020-05-02 22:50:06,361 :	 Test label accuracy    0.536  Test label loss     1.104
2020-05-02 22:51:47,695 :	epoch 15: 70. label loss:    0.374 plant loss:    2.345 accuracy:    0.210
2020-05-02 22:52:11,708 :	 Test label accuracy    0.429  Test label loss     1.658
2020-05-02 22:53:51,270 :	epoch 16: 70. label loss:    0.349 plant loss:    2.313 accuracy:    0.213
2020-05-02 22:54:15,211 :	 Test label accuracy    0.589  Test label loss     1.015
2020-05-02 22:55:55,218 :	epoch 17: 70. label loss:    0.283 plant loss:    2.265 accuracy:    0.228
2020-05-02 22:56:19,814 :	 Test label accuracy    0.589  Test label loss     0.989
2020-05-02 22:58:00,434 :	epoch 18: 70. label loss:    0.305 plant loss:    2.227 accuracy:    0.221
2020-05-02 22:58:24,590 :	 Test label accuracy    0.571  Test label loss     1.211
2020-05-02 23:00:06,224 :	epoch 19: 70. label loss:    0.257 plant loss:    2.205 accuracy:    0.226
2020-05-02 23:00:30,229 :	 Test label accuracy    0.536  Test label loss     1.210
2020-05-02 23:02:10,561 :	epoch 20: 70. label loss:    0.208 plant loss:    2.103 accuracy:    0.230
2020-05-02 23:02:34,376 :	 Test label accuracy    0.625  Test label loss     1.144
2020-05-02 23:04:14,614 :	epoch 21: 70. label loss:    0.190 plant loss:    2.074 accuracy:    0.233
2020-05-02 23:04:38,577 :	 Test label accuracy    0.518  Test label loss     1.821
2020-05-02 23:06:19,865 :	epoch 22: 70. label loss:    0.195 plant loss:    2.038 accuracy:    0.231
2020-05-02 23:06:43,748 :	 Test label accuracy    0.571  Test label loss     1.529
2020-05-02 23:08:24,102 :	epoch 23: 70. label loss:    0.126 plant loss:    1.990 accuracy:    0.241
2020-05-02 23:08:48,117 :	 Test label accuracy    0.625  Test label loss     1.246
2020-05-02 23:10:31,486 :	epoch 24: 70. label loss:    0.105 plant loss:    1.897 accuracy:    0.240
2020-05-02 23:10:55,461 :	 Test label accuracy    0.554  Test label loss     1.655
2020-05-02 23:12:36,461 :	epoch 25: 70. label loss:    0.074 plant loss:    1.876 accuracy:    0.246
2020-05-02 23:13:00,524 :	 Test label accuracy    0.643  Test label loss     1.733
2020-05-02 23:14:40,922 :	epoch 26: 70. label loss:    0.225 plant loss:    1.975 accuracy:    0.227
2020-05-02 23:15:04,871 :	 Test label accuracy    0.589  Test label loss     1.419
2020-05-02 23:16:45,060 :	epoch 27: 70. label loss:    0.161 plant loss:    1.957 accuracy:    0.236
2020-05-02 23:17:08,982 :	 Test label accuracy    0.411  Test label loss     1.533
2020-05-02 23:18:48,788 :	epoch 28: 70. label loss:      nan plant loss:      nan accuracy:    0.223
2020-05-02 23:19:12,647 :	 Test label accuracy    0.125  Test label loss       nan
2020-05-02 23:20:52,659 :	epoch 29: 70. label loss:      nan plant loss:      nan accuracy:    0.044
2020-05-02 23:21:16,622 :	 Test label accuracy    0.125  Test label loss       nan
2020-05-02 23:22:57,910 :	epoch 30: 70. label loss:      nan plant loss:      nan accuracy:    0.044
2020-05-02 23:23:21,885 :	 Test label accuracy    0.125  Test label loss       nan
2020-05-02 23:25:04,230 :	epoch 31: 70. label loss:      nan plant loss:      nan accuracy:    0.044
2020-05-02 23:25:28,583 :	 Test label accuracy    0.125  Test label loss       nan
2020-05-02 23:27:09,570 :	epoch 32: 70. label loss:      nan plant loss:      nan accuracy:    0.044
2020-05-02 23:27:33,935 :	 Test label accuracy    0.125  Test label loss       nan
2020-05-02 23:29:15,124 :	epoch 33: 70. label loss:      nan plant loss:      nan accuracy:    0.044
2020-05-02 23:29:40,116 :	 Test label accuracy    0.125  Test label loss       nan
2020-05-02 23:31:22,160 :	epoch 34: 70. label loss:      nan plant loss:      nan accuracy:    0.044
2020-05-02 23:31:46,501 :	 Test label accuracy    0.125  Test label loss       nan
2020-05-02 23:33:27,299 :	epoch 35: 70. label loss:      nan plant loss:      nan accuracy:    0.044
2020-05-02 23:33:51,302 :	 Test label accuracy    0.125  Test label loss       nan
2020-05-02 23:35:32,547 :	epoch 36: 70. label loss:      nan plant loss:      nan accuracy:    0.044
2020-05-02 23:35:56,723 :	 Test label accuracy    0.125  Test label loss       nan
2020-05-02 23:37:38,114 :	epoch 37: 70. label loss:      nan plant loss:      nan accuracy:    0.044
2020-05-02 23:38:02,148 :	 Test label accuracy    0.125  Test label loss       nan
2020-05-02 23:39:43,823 :	epoch 38: 70. label loss:      nan plant loss:      nan accuracy:    0.044
2020-05-02 23:40:08,269 :	 Test label accuracy    0.125  Test label loss       nan
2020-05-02 23:41:49,690 :	epoch 39: 70. label loss:      nan plant loss:      nan accuracy:    0.044
2020-05-02 23:42:13,999 :	 Test label accuracy    0.125  Test label loss       nan
2020-05-02 23:43:58,877 :	epoch 40: 70. label loss:      nan plant loss:      nan accuracy:    0.044
2020-05-02 23:44:23,126 :	 Test label accuracy    0.125  Test label loss       nan
2020-05-02 23:46:04,717 :	epoch 41: 70. label loss:      nan plant loss:      nan accuracy:    0.044
2020-05-02 23:46:28,832 :	 Test label accuracy    0.125  Test label loss       nan
2020-05-02 23:48:12,114 :	epoch 42: 70. label loss:      nan plant loss:      nan accuracy:    0.044
2020-05-02 23:48:36,696 :	 Test label accuracy    0.125  Test label loss       nan
2020-05-02 23:50:17,322 :	epoch 43: 70. label loss:      nan plant loss:      nan accuracy:    0.044
2020-05-02 23:50:41,256 :	 Test label accuracy    0.125  Test label loss       nan
2020-05-02 23:52:22,248 :	epoch 44: 70. label loss:      nan plant loss:      nan accuracy:    0.044
2020-05-02 23:52:46,222 :	 Test label accuracy    0.125  Test label loss       nan
2020-05-02 23:54:27,818 :	epoch 45: 70. label loss:      nan plant loss:      nan accuracy:    0.044
2020-05-02 23:54:52,249 :	 Test label accuracy    0.125  Test label loss       nan
2020-05-02 23:56:32,856 :	epoch 46: 70. label loss:      nan plant loss:      nan accuracy:    0.044
2020-05-02 23:56:57,078 :	 Test label accuracy    0.125  Test label loss       nan
2020-05-02 23:58:39,950 :	epoch 47: 70. label loss:      nan plant loss:      nan accuracy:    0.044
2020-05-02 23:59:04,020 :	 Test label accuracy    0.125  Test label loss       nan
2020-05-03 00:00:45,757 :	epoch 48: 70. label loss:      nan plant loss:      nan accuracy:    0.044
2020-05-03 00:01:10,022 :	 Test label accuracy    0.125  Test label loss       nan
2020-05-03 00:02:52,951 :	epoch 49: 70. label loss:      nan plant loss:      nan accuracy:    0.044
2020-05-03 00:03:17,460 :	 Test label accuracy    0.125  Test label loss       nan
2020-05-03 00:04:59,668 :	epoch 50: 70. label loss:      nan plant loss:      nan accuracy:    0.044
2020-05-03 00:05:23,982 :	 Test label accuracy    0.125  Test label loss       nan
2020-05-05 23:30:34,100 :++++++++++++++++++++++++++++++++++++++++++++++++++++++++++++++++++++++++++++++++++++++++++++++++++
2020-05-05 23:30:34,101 :	New Train Loop Start:
2020-05-05 23:32:44,203 :	epoch 1: 70. label loss:    1.797 plant loss:    3.693 accuracy:    0.043
2020-05-05 23:33:11,396 :	 Test label accuracy    0.125  Test label loss     1.826
2020-05-05 23:33:11,396 :		saving model with new best loss 1.8263380357197352
2020-05-05 23:35:08,944 :	epoch 2: 70. label loss:    1.725 plant loss:    3.691 accuracy:    0.056
2020-05-05 23:35:36,525 :	 Test label accuracy    0.179  Test label loss     1.905
2020-05-05 23:37:32,761 :	epoch 3: 70. label loss:    1.572 plant loss:    3.664 accuracy:    0.074
2020-05-05 23:38:00,629 :	 Test label accuracy    0.196  Test label loss     2.081
2020-05-05 23:39:58,542 :	epoch 4: 70. label loss:    1.417 plant loss:    3.544 accuracy:    0.089
2020-05-05 23:40:25,906 :	 Test label accuracy    0.375  Test label loss     1.523
2020-05-05 23:40:25,907 :		saving model with new best loss 1.5225098388535636
2020-05-05 23:42:23,031 :	epoch 5: 70. label loss:    1.304 plant loss:    3.414 accuracy:    0.107
2020-05-05 23:42:50,885 :	 Test label accuracy    0.321  Test label loss     1.587
2020-05-05 23:45:12,257 :	epoch 6: 70. label loss:    1.226 plant loss:    3.338 accuracy:    0.121
2020-05-05 23:45:46,321 :	 Test label accuracy    0.286  Test label loss     1.377
2020-05-05 23:45:46,321 :		saving model with new best loss 1.3765735498496465
2020-05-05 23:48:13,869 :	epoch 7: 70. label loss:    1.067 plant loss:    3.259 accuracy:    0.129
2020-05-05 23:48:46,964 :	 Test label accuracy    0.429  Test label loss     1.417
2020-05-05 23:51:14,048 :	epoch 8: 70. label loss:    0.993 plant loss:    3.140 accuracy:    0.154
2020-05-05 23:51:41,419 :	 Test label accuracy    0.304  Test label loss     1.455
2020-05-05 23:53:39,130 :	epoch 9: 70. label loss:    0.821 plant loss:    3.005 accuracy:    0.166
2020-05-05 23:54:06,224 :	 Test label accuracy    0.339  Test label loss     1.532
2020-05-05 23:56:03,759 :	epoch 10: 70. label loss:    0.681 plant loss:    2.860 accuracy:    0.172
2020-05-05 23:56:31,492 :	 Test label accuracy    0.375  Test label loss     1.781
2020-05-05 23:58:29,961 :	epoch 11: 70. label loss:    0.649 plant loss:    2.763 accuracy:    0.187
2020-05-05 23:58:57,498 :	 Test label accuracy    0.429  Test label loss     1.432
2020-05-06 00:00:56,892 :	epoch 12: 70. label loss:    0.540 plant loss:    2.658 accuracy:    0.196
2020-05-06 00:01:24,636 :	 Test label accuracy    0.464  Test label loss     1.531
2020-05-06 00:03:21,148 :	epoch 13: 70. label loss:    0.493 plant loss:    2.555 accuracy:    0.204
2020-05-06 00:03:49,491 :	 Test label accuracy    0.429  Test label loss     1.380
2020-05-06 00:05:45,750 :	epoch 14: 70. label loss:    0.371 plant loss:    2.452 accuracy:    0.222
2020-05-06 00:06:13,257 :	 Test label accuracy    0.571  Test label loss     1.459
2020-05-06 00:08:09,254 :	epoch 15: 70. label loss:    0.333 plant loss:    2.277 accuracy:    0.226
2020-05-06 00:08:37,188 :	 Test label accuracy    0.411  Test label loss     1.340
2020-05-06 00:08:37,189 :		saving model with new best loss 1.34003518308912
2020-05-06 00:10:35,253 :	epoch 16: 70. label loss:    0.488 plant loss:    2.439 accuracy:    0.198
2020-05-06 00:11:02,952 :	 Test label accuracy    0.375  Test label loss     1.519
2020-05-06 00:13:02,441 :	epoch 17: 70. label loss:    0.296 plant loss:    2.282 accuracy:    0.230
2020-05-06 00:13:30,138 :	 Test label accuracy    0.464  Test label loss     2.055
2020-05-06 00:15:29,220 :	epoch 18: 70. label loss:    0.212 plant loss:    2.166 accuracy:    0.229
2020-05-06 00:15:56,585 :	 Test label accuracy    0.500  Test label loss     1.712
2020-05-06 00:17:53,537 :	epoch 19: 70. label loss:    0.199 plant loss:    2.071 accuracy:    0.228
2020-05-06 00:18:21,384 :	 Test label accuracy    0.482  Test label loss     1.688
2020-05-06 00:20:17,560 :	epoch 20: 70. label loss:    0.163 plant loss:    2.079 accuracy:    0.233
2020-05-06 00:20:44,668 :	 Test label accuracy    0.571  Test label loss     1.834
2020-05-06 00:22:42,656 :	epoch 21: 70. label loss:    0.174 plant loss:    2.014 accuracy:    0.232
2020-05-06 00:23:09,889 :	 Test label accuracy    0.411  Test label loss     1.755
2020-05-06 00:25:06,606 :	epoch 22: 70. label loss:    0.124 plant loss:    1.940 accuracy:    0.242
2020-05-06 00:25:34,614 :	 Test label accuracy    0.464  Test label loss     2.439
2020-05-06 00:27:32,227 :	epoch 23: 70. label loss:    0.206 plant loss:    1.942 accuracy:    0.230
2020-05-06 00:27:59,868 :	 Test label accuracy    0.571  Test label loss     2.198
2020-05-06 00:29:56,496 :	epoch 24: 70. label loss:    0.236 plant loss:    2.047 accuracy:    0.227
2020-05-06 00:30:24,200 :	 Test label accuracy    0.393  Test label loss     1.971
2020-05-06 00:32:21,859 :	epoch 25: 70. label loss:    0.114 plant loss:    1.896 accuracy:    0.242
2020-05-06 00:32:49,022 :	 Test label accuracy    0.375  Test label loss     1.830
2020-05-06 00:34:46,640 :	epoch 26: 70. label loss:    0.096 plant loss:    1.886 accuracy:    0.242
2020-05-06 00:35:13,996 :	 Test label accuracy    0.446  Test label loss     2.119
2020-05-06 00:37:10,121 :	epoch 27: 70. label loss:      nan plant loss:      nan accuracy:    0.200
2020-05-06 00:37:37,594 :	 Test label accuracy    0.125  Test label loss       nan
2020-05-06 00:39:33,885 :	epoch 28: 70. label loss:      nan plant loss:      nan accuracy:    0.044
2020-05-06 00:40:01,236 :	 Test label accuracy    0.125  Test label loss       nan
2020-05-06 00:41:58,431 :	epoch 29: 70. label loss:      nan plant loss:      nan accuracy:    0.044
2020-05-06 00:42:25,951 :	 Test label accuracy    0.125  Test label loss       nan
2020-05-06 00:44:22,545 :	epoch 30: 70. label loss:      nan plant loss:      nan accuracy:    0.044
2020-05-06 00:45:27,628 :++++++++++++++++++++++++++++++++++++++++++++++++++++++++++++++++++++++++++++++++++++++++++++++++++
2020-05-06 00:45:27,628 :	New Train Loop Start:
2020-05-06 00:47:27,454 :	epoch 1: 70. label loss:    1.795 plant loss:    3.693 accuracy:    0.040
2020-05-06 00:47:55,317 :	 Test label accuracy    0.250  Test label loss     1.837
2020-05-06 00:47:55,317 :		saving model with new best loss 1.8368736079760961
2020-05-06 00:49:53,399 :	epoch 2: 70. label loss:    1.757 plant loss:    3.696 accuracy:    0.054
2020-05-06 00:50:21,149 :	 Test label accuracy    0.125  Test label loss     1.813
2020-05-06 00:50:21,150 :		saving model with new best loss 1.8127202136175973
