2020-05-08 13:00:47,930 INFO:++++++++++++++++++++++++++++++++++++++++++++++++++++++++++++++++++++++++++++++++++++++++++++++++++
2020-05-08 13:00:47,931 INFO:	New Train Loop Start:
2020-05-08 13:21:47,459 INFO:	epoch 1: 79. label loss:    1.810 plant loss:    3.825 accuracy:    0.037
2020-05-08 13:59:22,775 INFO:++++++++++++++++++++++++++++++++++++++++++++++++++++++++++++++++++++++++++++++++++++++++++++++++++
2020-05-08 13:59:22,775 INFO:	New Train Loop Start:
2020-05-08 14:21:02,721 INFO:	epoch 1: 79. label loss:    1.801 plant loss:    3.825 accuracy:    0.038
2020-05-08 14:25:22,254 INFO:	 Test label accuracy    0.222  Test label loss     1.829
2020-05-08 14:25:22,255 INFO:		saving model with new best loss 1.8287462355598572
2020-05-08 14:46:22,895 INFO:	epoch 2: 79. label loss:    1.800 plant loss:    3.823 accuracy:    0.043
2020-05-08 14:50:46,672 INFO:	 Test label accuracy    0.111  Test label loss     1.800
2020-05-08 14:50:46,673 INFO:		saving model with new best loss 1.7995283565823994
2020-05-08 15:11:10,265 INFO:	epoch 3: 79. label loss:    1.787 plant loss:    3.816 accuracy:    0.051
2020-05-08 15:15:33,535 INFO:	 Test label accuracy    0.270  Test label loss     1.732
2020-05-08 15:15:33,535 INFO:		saving model with new best loss 1.731636471218533
2020-05-08 15:35:59,228 INFO:	epoch 4: 79. label loss:    1.767 plant loss:    3.788 accuracy:    0.048
2020-05-08 15:40:11,172 INFO:	 Test label accuracy    0.238  Test label loss     1.727
2020-05-08 15:40:11,172 INFO:		saving model with new best loss 1.7273142375643291
2020-05-08 16:00:41,207 INFO:	epoch 5: 79. label loss:    1.726 plant loss:    3.722 accuracy:    0.058
2020-05-08 16:04:54,851 INFO:	 Test label accuracy    0.254  Test label loss     1.614
2020-05-08 16:04:54,852 INFO:		saving model with new best loss 1.613925744616796
2020-05-08 16:25:39,898 INFO:	epoch 6: 79. label loss:    1.675 plant loss:    3.715 accuracy:    0.067
2020-05-08 16:29:52,089 INFO:	 Test label accuracy    0.254  Test label loss     1.720
2020-05-08 18:04:46,725 INFO:++++++++++++++++++++++++++++++++++++++++++++++++++++++++++++++++++++++++++++++++++++++++++++++++++
2020-05-08 18:04:46,725 INFO:	New Train Loop Start:
2020-05-08 18:06:24,882 INFO:++++++++++++++++++++++++++++++++++++++++++++++++++++++++++++++++++++++++++++++++++++++++++++++++++
2020-05-08 18:06:24,882 INFO:	New Train Loop Start:
2020-05-08 18:27:01,724 INFO:	epoch 1: 79. label loss:    1.799 plant loss:    3.826 accuracy:    0.045
2020-05-08 18:31:15,029 INFO:	 Test label accuracy    0.222  Test label loss     1.776
2020-05-08 18:31:15,029 INFO:		saving model with new best loss 1.7755769775027321
2020-05-08 18:51:23,331 INFO:	epoch 2: 79. label loss:    1.798 plant loss:    3.824 accuracy:    0.039
2020-05-08 18:55:31,458 INFO:	 Test label accuracy    0.238  Test label loss     1.776
2020-05-08 20:00:16,529 INFO:++++++++++++++++++++++++++++++++++++++++++++++++++++++++++++++++++++++++++++++++++++++++++++++++++
2020-05-08 20:00:16,530 INFO:	New Train Loop Start:
2020-05-08 20:04:28,190 INFO:	epoch 1: 70. label loss:    1.800 plant loss:    3.706 accuracy:    0.038
2020-05-08 20:05:30,514 INFO:	 Test label accuracy    0.125  Test label loss     1.817
2020-05-08 20:05:30,515 INFO:		saving model with new best loss 1.816885028566633
2020-05-08 20:09:41,027 INFO:	epoch 2: 70. label loss:    1.755 plant loss:    3.704 accuracy:    0.054
2020-05-08 20:10:41,847 INFO:	 Test label accuracy    0.125  Test label loss     1.816
2020-05-08 20:10:41,848 INFO:		saving model with new best loss 1.8156959840229578
2020-05-08 20:14:51,360 INFO:	epoch 3: 70. label loss:    1.664 plant loss:    3.645 accuracy:    0.079
2020-05-08 20:15:53,976 INFO:	 Test label accuracy    0.196  Test label loss     1.686
2020-05-08 20:15:53,977 INFO:		saving model with new best loss 1.6860495209693909
2020-05-08 20:20:04,450 INFO:	epoch 4: 70. label loss:    1.538 plant loss:    3.529 accuracy:    0.080
2020-05-08 20:21:06,686 INFO:	 Test label accuracy    0.250  Test label loss     1.543
2020-05-08 20:21:06,687 INFO:		saving model with new best loss 1.5427225146974837
2020-05-08 20:25:16,038 INFO:	epoch 5: 70. label loss:    1.467 plant loss:    3.441 accuracy:    0.090
2020-05-08 20:26:17,320 INFO:	 Test label accuracy    0.321  Test label loss     1.515
2020-05-08 20:26:17,321 INFO:		saving model with new best loss 1.515118956565857
2020-05-08 20:30:28,342 INFO:	epoch 6: 70. label loss:    1.426 plant loss:    3.366 accuracy:    0.101
2020-05-08 20:31:29,286 INFO:	 Test label accuracy    0.304  Test label loss     1.493
2020-05-08 20:31:29,287 INFO:		saving model with new best loss 1.4928431170327323
2020-05-08 20:35:41,356 INFO:	epoch 7: 70. label loss:    1.338 plant loss:    3.300 accuracy:    0.104
2020-05-08 20:36:42,347 INFO:	 Test label accuracy    0.464  Test label loss     1.684
2020-05-08 20:40:50,652 INFO:	epoch 8: 70. label loss:    1.182 plant loss:    3.277 accuracy:    0.127
2020-05-08 20:41:53,057 INFO:	 Test label accuracy    0.196  Test label loss     1.864
2020-05-08 20:46:03,127 INFO:	epoch 9: 70. label loss:    1.234 plant loss:    3.226 accuracy:    0.113
2020-05-08 20:47:04,111 INFO:	 Test label accuracy    0.321  Test label loss     1.760
2020-05-08 20:51:14,782 INFO:	epoch 10: 70. label loss:    1.135 plant loss:    3.109 accuracy:    0.131
2020-05-08 20:52:15,671 INFO:	 Test label accuracy    0.518  Test label loss     1.214
2020-05-08 20:52:15,672 INFO:		saving model with new best loss 1.2141494240079607
2020-05-08 20:56:27,113 INFO:	epoch 11: 70. label loss:    1.124 plant loss:    3.088 accuracy:    0.126
2020-05-08 20:57:28,057 INFO:	 Test label accuracy    0.393  Test label loss     1.388
2020-05-08 21:01:38,890 INFO:	epoch 12: 70. label loss:    1.043 plant loss:    2.999 accuracy:    0.127
2020-05-08 21:02:39,655 INFO:	 Test label accuracy    0.571  Test label loss     1.122
2020-05-08 21:02:39,656 INFO:		saving model with new best loss 1.121777981519699
2020-05-08 21:06:50,952 INFO:	epoch 13: 70. label loss:    1.044 plant loss:    3.037 accuracy:    0.141
2020-05-08 21:07:52,201 INFO:	 Test label accuracy    0.446  Test label loss     1.335
2020-05-08 21:12:02,496 INFO:	epoch 14: 70. label loss:    1.006 plant loss:    2.961 accuracy:    0.145
2020-05-08 21:13:03,798 INFO:	 Test label accuracy    0.375  Test label loss     1.607
2020-05-08 21:17:13,458 INFO:	epoch 15: 70. label loss:    0.896 plant loss:    2.884 accuracy:    0.152
2020-05-08 21:18:14,109 INFO:	 Test label accuracy    0.464  Test label loss     1.379
2020-05-08 21:22:25,408 INFO:	epoch 16: 70. label loss:    0.974 plant loss:    3.043 accuracy:    0.147
2020-05-08 21:23:26,123 INFO:	 Test label accuracy    0.446  Test label loss     1.289
2020-05-08 21:27:37,170 INFO:	epoch 17: 70. label loss:    0.855 plant loss:    2.930 accuracy:    0.162
2020-05-08 21:28:38,969 INFO:	 Test label accuracy    0.446  Test label loss     1.220
2020-05-08 21:32:49,010 INFO:	epoch 18: 70. label loss:    0.814 plant loss:    2.965 accuracy:    0.163
2020-05-08 21:33:50,031 INFO:	 Test label accuracy    0.571  Test label loss     1.063
2020-05-08 21:33:50,032 INFO:		saving model with new best loss 1.0628385032926286
2020-05-08 21:38:01,281 INFO:	epoch 19: 70. label loss:    0.853 plant loss:    2.863 accuracy:    0.155
2020-05-08 21:39:02,359 INFO:	 Test label accuracy    0.446  Test label loss     1.341
2020-05-08 21:43:13,568 INFO:	epoch 20: 70. label loss:    0.985 plant loss:    2.946 accuracy:    0.146
2020-05-08 21:44:14,994 INFO:	 Test label accuracy    0.518  Test label loss     1.118
2020-05-08 21:48:26,431 INFO:	epoch 21: 70. label loss:    0.918 plant loss:    2.811 accuracy:    0.153
2020-05-08 21:49:28,566 INFO:	 Test label accuracy    0.589  Test label loss     1.056
2020-05-08 21:49:28,566 INFO:		saving model with new best loss 1.0555356357778822
2020-05-08 21:53:42,488 INFO:	epoch 22: 70. label loss:    0.876 plant loss:    2.837 accuracy:    0.146
2020-05-08 21:54:44,537 INFO:	 Test label accuracy    0.500  Test label loss     1.029
2020-05-08 21:54:44,538 INFO:		saving model with new best loss 1.0288006897483553
2020-05-08 21:58:59,536 INFO:	epoch 23: 70. label loss:    0.878 plant loss:    3.080 accuracy:    0.162
2020-05-08 22:00:01,667 INFO:	 Test label accuracy    0.464  Test label loss     1.252
2020-05-08 22:04:16,565 INFO:	epoch 24: 70. label loss:    0.787 plant loss:    2.811 accuracy:    0.172
2020-05-08 22:05:18,817 INFO:	 Test label accuracy    0.500  Test label loss     1.044
2020-05-08 22:09:32,906 INFO:	epoch 25: 70. label loss:    0.827 plant loss:    2.887 accuracy:    0.167
2020-05-08 22:10:34,520 INFO:	 Test label accuracy    0.500  Test label loss     1.146
2020-05-08 22:14:49,626 INFO:	epoch 26: 70. label loss:    0.813 plant loss:    3.074 accuracy:    0.170
2020-05-08 22:15:51,702 INFO:	 Test label accuracy    0.571  Test label loss     1.251
2020-05-08 22:20:05,207 INFO:	epoch 27: 70. label loss:    0.676 plant loss:    2.857 accuracy:    0.171
2020-05-08 22:21:06,866 INFO:	 Test label accuracy    0.536  Test label loss     1.199
2020-05-08 22:25:21,061 INFO:	epoch 28: 70. label loss:    1.049 plant loss:    3.045 accuracy:    0.147
2020-05-08 22:26:23,212 INFO:	 Test label accuracy    0.411  Test label loss     1.479
2020-05-08 22:30:37,214 INFO:	epoch 29: 70. label loss:    0.879 plant loss:    3.029 accuracy:    0.169
2020-05-08 22:31:39,076 INFO:	 Test label accuracy    0.464  Test label loss     1.308
2020-05-08 22:35:52,843 INFO:	epoch 30: 70. label loss:    0.824 plant loss:    3.187 accuracy:    0.162
2020-05-08 22:36:54,518 INFO:	 Test label accuracy    0.554  Test label loss     1.140
2020-05-08 22:41:09,817 INFO:	epoch 31: 70. label loss:    0.652 plant loss:    3.196 accuracy:    0.183
2020-05-08 22:42:11,961 INFO:	 Test label accuracy    0.304  Test label loss     1.632
2020-05-08 22:46:27,295 INFO:	epoch 32: 70. label loss:    0.853 plant loss:    2.833 accuracy:    0.171
2020-05-08 22:47:29,352 INFO:	 Test label accuracy    0.482  Test label loss     1.226
2020-05-08 22:51:44,256 INFO:	epoch 33: 70. label loss:    0.651 plant loss:    3.194 accuracy:    0.183
2020-05-08 22:52:46,368 INFO:	 Test label accuracy    0.518  Test label loss     1.169
2020-05-08 22:57:02,309 INFO:	epoch 34: 70. label loss:    0.510 plant loss:    2.938 accuracy:    0.198
2020-05-08 22:58:04,025 INFO:	 Test label accuracy    0.482  Test label loss     1.248
2020-05-08 23:02:17,671 INFO:	epoch 35: 70. label loss:    0.811 plant loss:    3.376 accuracy:    0.185
2020-05-08 23:03:19,516 INFO:	 Test label accuracy    0.393  Test label loss     1.350
2020-05-08 23:07:29,744 INFO:	epoch 36: 70. label loss:    0.926 plant loss:    3.332 accuracy:    0.152
2020-05-08 23:08:30,627 INFO:	 Test label accuracy    0.393  Test label loss     1.507
2020-05-08 23:12:40,697 INFO:	epoch 37: 70. label loss:    0.792 plant loss:    3.528 accuracy:    0.179
2020-05-08 23:13:41,852 INFO:	 Test label accuracy    0.518  Test label loss     1.491
2020-05-08 23:17:52,166 INFO:	epoch 38: 70. label loss:    0.593 plant loss:    3.130 accuracy:    0.191
2020-05-08 23:18:53,278 INFO:	 Test label accuracy    0.429  Test label loss     1.788
2020-05-08 23:23:03,534 INFO:	epoch 39: 70. label loss:    0.595 plant loss:    3.467 accuracy:    0.190
2020-05-08 23:24:05,310 INFO:	 Test label accuracy    0.536  Test label loss     1.312
2020-05-08 23:28:15,127 INFO:	epoch 40: 70. label loss:    0.791 plant loss:    3.499 accuracy:    0.188
2020-05-08 23:29:16,648 INFO:	 Test label accuracy    0.554  Test label loss     1.143
2020-05-08 23:33:26,209 INFO:	epoch 41: 70. label loss:    0.588 plant loss:    3.215 accuracy:    0.189
2020-05-08 23:34:26,843 INFO:	 Test label accuracy    0.554  Test label loss     1.326
2020-05-08 23:38:35,832 INFO:	epoch 42: 70. label loss:    0.656 plant loss:    3.022 accuracy:    0.196
2020-05-08 23:39:37,771 INFO:	 Test label accuracy    0.446  Test label loss     1.457
2020-05-08 23:43:48,339 INFO:	epoch 43: 70. label loss:    0.736 plant loss:    3.165 accuracy:    0.174
2020-05-08 23:44:49,267 INFO:	 Test label accuracy    0.393  Test label loss     1.972
2020-05-08 23:48:59,584 INFO:	epoch 44: 70. label loss:    0.613 plant loss:    3.175 accuracy:    0.196
2020-05-08 23:50:00,651 INFO:	 Test label accuracy    0.464  Test label loss     1.280
2020-05-08 23:54:10,004 INFO:	epoch 45: 70. label loss:    0.553 plant loss:    3.274 accuracy:    0.193
2020-05-08 23:55:11,092 INFO:	 Test label accuracy    0.446  Test label loss     1.685
2020-05-08 23:59:21,883 INFO:	epoch 46: 70. label loss:    0.547 plant loss:    2.995 accuracy:    0.198
2020-05-09 00:00:22,538 INFO:	 Test label accuracy    0.589  Test label loss     1.316
2020-05-09 00:04:31,343 INFO:	epoch 47: 70. label loss:    0.619 plant loss:    3.545 accuracy:    0.191
2020-05-09 00:05:33,228 INFO:	 Test label accuracy    0.482  Test label loss     1.661
2020-05-09 00:09:43,635 INFO:	epoch 48: 70. label loss:    0.542 plant loss:    3.392 accuracy:    0.199
2020-05-09 00:10:45,004 INFO:	 Test label accuracy    0.464  Test label loss     1.533
2020-05-09 00:14:54,694 INFO:	epoch 49: 70. label loss:    0.526 plant loss:    3.628 accuracy:    0.196
2020-05-09 00:15:55,133 INFO:	 Test label accuracy    0.589  Test label loss     1.144
2020-05-09 00:20:07,274 INFO:	epoch 50: 70. label loss:    0.480 plant loss:    3.424 accuracy:    0.204
2020-05-09 00:21:09,338 INFO:	 Test label accuracy    0.536  Test label loss     1.219
2020-05-09 08:39:59,612 INFO:++++++++++++++++++++++++++++++++++++++++++++++++++++++++++++++++++++++++++++++++++++++++++++++++++
2020-05-09 08:39:59,613 INFO:	New Train Loop Start:
2020-05-09 08:44:06,349 INFO:	epoch 1: 70. label loss:    1.800 plant loss:    3.706 accuracy:    0.038
2020-05-09 08:45:09,346 INFO:	 Test label accuracy    0.161  Test label loss     1.788
2020-05-09 08:45:09,347 INFO:		saving model with new best loss 1.7878892166273934
2020-05-09 08:49:20,983 INFO:	epoch 2: 70. label loss:    1.752 plant loss:    3.716 accuracy:    0.055
2020-05-09 08:50:22,493 INFO:	 Test label accuracy    0.304  Test label loss     1.703
2020-05-09 08:50:22,493 INFO:		saving model with new best loss 1.702916647706713
2020-05-09 11:56:43,554 INFO:++++++++++++++++++++++++++++++++++++++++++++++++++++++++++++++++++++++++++++++++++++++++++++++++++
2020-05-09 11:56:43,554 INFO:	New Train Loop Start:
2020-05-09 12:00:48,626 INFO:	epoch 1: 70. label loss:    1.801 plant loss:    3.710 accuracy:    0.040
2020-05-09 12:01:51,125 INFO:	 Test label accuracy    0.125  Test label loss     1.783
2020-05-09 12:01:51,127 INFO:		saving model with new best loss 1.782755902835301
2020-05-09 12:06:01,437 INFO:	epoch 2: 70. label loss:    1.774 plant loss:    3.706 accuracy:    0.057
2020-05-09 12:07:02,742 INFO:	 Test label accuracy    0.339  Test label loss     1.663
2020-05-09 12:07:02,743 INFO:		saving model with new best loss 1.663364861692701
2020-05-09 12:49:44,138 INFO:++++++++++++++++++++++++++++++++++++++++++++++++++++++++++++++++++++++++++++++++++++++++++++++++++
2020-05-09 12:49:44,138 INFO:	New Train Loop Start:
2020-05-09 12:53:23,936 INFO:++++++++++++++++++++++++++++++++++++++++++++++++++++++++++++++++++++++++++++++++++++++++++++++++++
2020-05-09 12:53:23,936 INFO:	New Train Loop Start:
2020-05-09 13:14:33,132 INFO:	epoch 1: 79. label loss:    1.806 plant loss:    3.826 accuracy:    0.043
2020-05-09 13:18:50,845 INFO:	 Test label accuracy    0.111  Test label loss     1.810
2020-05-09 13:18:50,846 INFO:		saving model with new best loss 1.8095794859386625
2020-05-09 13:39:46,038 INFO:	epoch 2: 79. label loss:    1.778 plant loss:    3.815 accuracy:    0.052
2020-05-09 13:44:08,099 INFO:	 Test label accuracy    0.238  Test label loss     1.765
2020-05-09 13:44:08,099 INFO:		saving model with new best loss 1.7645627581883991
2020-05-09 14:05:15,940 INFO:	epoch 3: 79. label loss:    1.746 plant loss:    3.780 accuracy:    0.053
2020-05-09 14:09:38,405 INFO:	 Test label accuracy    0.206  Test label loss     1.756
2020-05-09 14:09:38,406 INFO:		saving model with new best loss 1.7560564525543698
2020-05-09 14:30:32,341 INFO:	epoch 4: 79. label loss:    1.682 plant loss:    3.707 accuracy:    0.075
2020-05-09 14:34:47,019 INFO:	 Test label accuracy    0.159  Test label loss     1.903
2020-05-09 14:56:25,561 INFO:	epoch 5: 79. label loss:    1.690 plant loss:    3.668 accuracy:    0.058
2020-05-09 15:00:42,833 INFO:	 Test label accuracy    0.317  Test label loss     1.749
2020-05-09 15:00:42,833 INFO:		saving model with new best loss 1.7487888260493203
2020-05-09 15:21:29,776 INFO:	epoch 6: 79. label loss:    1.603 plant loss:    3.567 accuracy:    0.076
2020-05-09 15:25:46,294 INFO:	 Test label accuracy    0.127  Test label loss     2.602
2020-05-09 15:46:37,911 INFO:	epoch 7: 79. label loss:    1.589 plant loss:    3.557 accuracy:    0.070
2020-05-09 15:50:54,078 INFO:	 Test label accuracy    0.302  Test label loss     1.714
2020-05-09 15:50:54,079 INFO:		saving model with new best loss 1.7137246510339161
2020-05-09 16:11:21,496 INFO:	epoch 8: 79. label loss:    1.526 plant loss:    3.492 accuracy:    0.076
2020-05-09 16:15:36,766 INFO:	 Test label accuracy    0.238  Test label loss     1.698
2020-05-09 16:15:36,766 INFO:		saving model with new best loss 1.6977407970125713
2020-05-09 16:36:32,923 INFO:	epoch 9: 79. label loss:    1.470 plant loss:    3.431 accuracy:    0.088
2020-05-09 16:40:49,419 INFO:	 Test label accuracy    0.127  Test label loss     1.911
2020-05-09 17:01:34,917 INFO:	epoch 10: 79. label loss:    1.486 plant loss:    3.447 accuracy:    0.087
2020-05-09 17:05:56,201 INFO:	 Test label accuracy    0.270  Test label loss     1.898
2020-05-09 19:26:44,227 INFO:++++++++++++++++++++++++++++++++++++++++++++++++++++++++++++++++++++++++++++++++++++++++++++++++++
2020-05-09 19:26:44,227 INFO:	New Train Loop Start:
2020-05-09 19:47:38,286 INFO:	epoch 1: 79. label loss:    1.807 plant loss:    3.824 accuracy:    0.035
2020-05-09 19:52:11,742 INFO:	 Test label accuracy    0.190  Test label loss     1.812
2020-05-09 19:52:11,743 INFO:		saving model with new best loss 1.8115597073993985
2020-05-10 22:38:40,301 INFO:++++++++++++++++++++++++++++++++++++++++++++++++++++++++++++++++++++++++++++++++++++++++++++++++++
2020-05-10 22:38:40,301 INFO:	New Train Loop Start:
2020-05-10 22:53:22,935 INFO:	epoch 1: 79. label loss:    1.802 plant loss:    3.827 accuracy:    0.049
2020-05-10 22:56:30,083 INFO:	 Test label accuracy    0.222  Test label loss     1.791
2020-05-10 22:56:30,084 INFO:		saving model with new best loss 1.7910297106182764
2020-05-10 23:11:25,879 INFO:	epoch 2: 79. label loss:    1.770 plant loss:    3.817 accuracy:    0.052
2020-05-10 23:14:31,322 INFO:	 Test label accuracy    0.111  Test label loss     1.856
2020-05-10 23:29:25,729 INFO:	epoch 3: 79. label loss:    1.741 plant loss:    3.777 accuracy:    0.053
2020-05-10 23:32:34,255 INFO:	 Test label accuracy    0.111  Test label loss     1.799
2020-05-10 23:47:23,911 INFO:	epoch 4: 79. label loss:    1.716 plant loss:    3.700 accuracy:    0.055
2020-05-10 23:50:29,404 INFO:	 Test label accuracy    0.143  Test label loss     1.862
2020-05-11 00:05:12,324 INFO:	epoch 5: 79. label loss:    1.649 plant loss:    3.676 accuracy:    0.072
2020-05-11 00:08:20,899 INFO:	 Test label accuracy    0.111  Test label loss     1.834
2020-05-11 00:23:25,136 INFO:	epoch 6: 79. label loss:    1.625 plant loss:    3.621 accuracy:    0.068
2020-05-11 00:26:30,155 INFO:	 Test label accuracy    0.095  Test label loss     1.823
2020-05-11 00:41:26,573 INFO:	epoch 7: 79. label loss:    1.595 plant loss:    3.574 accuracy:    0.085
2020-05-11 00:44:32,783 INFO:	 Test label accuracy    0.222  Test label loss     1.834
2020-05-11 00:59:28,250 INFO:	epoch 8: 79. label loss:    1.512 plant loss:    3.513 accuracy:    0.093
2020-05-11 01:02:36,560 INFO:	 Test label accuracy    0.190  Test label loss     1.934
2020-05-11 01:17:43,456 INFO:	epoch 9: 79. label loss:    1.591 plant loss:    3.482 accuracy:    0.079
2020-05-11 01:20:51,619 INFO:	 Test label accuracy    0.238  Test label loss     1.798
2020-05-11 01:35:55,459 INFO:	epoch 10: 79. label loss:    1.519 plant loss:    3.461 accuracy:    0.093
2020-05-11 01:39:00,575 INFO:	 Test label accuracy    0.206  Test label loss     2.070
2020-05-11 01:54:14,896 INFO:	epoch 11: 79. label loss:    1.462 plant loss:    3.382 accuracy:    0.086
2020-05-11 01:57:20,408 INFO:	 Test label accuracy    0.143  Test label loss     2.530
2020-05-11 02:12:39,705 INFO:	epoch 12: 79. label loss:    1.667 plant loss:    3.622 accuracy:    0.083
2020-05-11 02:15:48,692 INFO:	 Test label accuracy    0.159  Test label loss     1.890
2020-05-11 02:31:02,866 INFO:	epoch 13: 79. label loss:    1.608 plant loss:    3.615 accuracy:    0.079
2020-05-11 02:34:13,284 INFO:	 Test label accuracy    0.254  Test label loss     1.674
2020-05-11 02:34:13,285 INFO:		saving model with new best loss 1.6736110354226732
2020-05-11 02:49:30,646 INFO:	epoch 14: 79. label loss:    1.502 plant loss:    3.466 accuracy:    0.098
2020-05-11 02:52:39,130 INFO:	 Test label accuracy    0.159  Test label loss     2.002
2020-05-11 03:07:38,668 INFO:	epoch 15: 79. label loss:    1.377 plant loss:    3.387 accuracy:    0.102
2020-05-11 03:10:50,162 INFO:	 Test label accuracy    0.206  Test label loss     2.235
2020-05-11 03:25:49,892 INFO:	epoch 16: 79. label loss:    1.554 plant loss:    3.482 accuracy:    0.092
2020-05-11 03:28:58,027 INFO:	 Test label accuracy    0.254  Test label loss     1.801
2020-05-11 03:44:06,622 INFO:	epoch 17: 79. label loss:    1.379 plant loss:    3.355 accuracy:    0.115
2020-05-11 03:47:10,420 INFO:	 Test label accuracy    0.302  Test label loss     1.775
2020-05-11 04:02:06,956 INFO:	epoch 18: 79. label loss:    1.429 plant loss:    3.333 accuracy:    0.100
2020-05-11 04:05:12,308 INFO:	 Test label accuracy    0.222  Test label loss     2.620
2020-05-11 04:20:12,446 INFO:	epoch 19: 79. label loss:    1.371 plant loss:    3.351 accuracy:    0.107
2020-05-11 04:23:18,089 INFO:	 Test label accuracy    0.302  Test label loss     2.115
2020-05-11 04:38:19,309 INFO:	epoch 20: 79. label loss:    1.213 plant loss:    3.169 accuracy:    0.120
2020-05-11 04:41:45,150 INFO:	 Test label accuracy    0.159  Test label loss     2.644
2020-05-11 04:56:38,218 INFO:	epoch 21: 79. label loss:    1.503 plant loss:    3.467 accuracy:    0.104
2020-05-11 04:59:45,498 INFO:	 Test label accuracy    0.159  Test label loss     3.497
2020-05-11 05:14:52,137 INFO:	epoch 22: 79. label loss:    1.368 plant loss:    3.258 accuracy:    0.111
2020-05-11 05:17:57,832 INFO:	 Test label accuracy    0.333  Test label loss     1.998
2020-05-11 05:32:43,218 INFO:	epoch 23: 79. label loss:    1.258 plant loss:    3.161 accuracy:    0.123
2020-05-11 05:35:47,676 INFO:	 Test label accuracy    0.254  Test label loss     1.864
2020-05-11 05:50:51,828 INFO:	epoch 24: 79. label loss:    1.269 plant loss:    3.242 accuracy:    0.119
2020-05-11 05:54:00,363 INFO:	 Test label accuracy    0.286  Test label loss     1.675
2020-05-11 06:09:09,392 INFO:	epoch 25: 79. label loss:    1.221 plant loss:    3.223 accuracy:    0.128
2020-05-11 06:12:14,690 INFO:	 Test label accuracy    0.286  Test label loss     2.040
2020-05-11 06:27:13,384 INFO:	epoch 26: 79. label loss:    1.254 plant loss:    3.216 accuracy:    0.120
2020-05-11 06:30:17,126 INFO:	 Test label accuracy    0.143  Test label loss     1.971
2020-05-11 06:45:14,942 INFO:	epoch 27: 79. label loss:    1.187 plant loss:    3.102 accuracy:    0.123
2020-05-11 14:24:30,337 INFO:++++++++++++++++++++++++++++++++++++++++++++++++++++++++++++++++++++++++++++++++++++++++++++++++++
2020-05-11 14:24:30,338 INFO:	New Train Loop Start:
2020-05-11 15:26:14,934 INFO:++++++++++++++++++++++++++++++++++++++++++++++++++++++++++++++++++++++++++++++++++++++++++++++++++
2020-05-11 15:26:14,935 INFO:	New Train Loop Start:
2020-05-11 15:58:21,529 INFO:++++++++++++++++++++++++++++++++++++++++++++++++++++++++++++++++++++++++++++++++++++++++++++++++++
2020-05-11 15:58:21,529 INFO:	New Train Loop Start:
2020-05-14 23:15:15,955 INFO:++++++++++++++++++++++++++++++++++++++++++++++++++++++++++++++++++++++++++++++++++++++++++++++++++
2020-05-14 23:15:15,956 INFO:	New Train Loop Start:
2020-05-14 23:52:09,390 INFO:++++++++++++++++++++++++++++++++++++++++++++++++++++++++++++++++++++++++++++++++++++++++++++++++++
2020-05-14 23:52:09,390 INFO:	New Train Loop Start:
2020-05-15 00:16:45,546 INFO:++++++++++++++++++++++++++++++++++++++++++++++++++++++++++++++++++++++++++++++++++++++++++++++++++
2020-05-15 00:16:45,546 INFO:	New Train Loop Start:
2020-05-15 01:01:22,200 INFO:++++++++++++++++++++++++++++++++++++++++++++++++++++++++++++++++++++++++++++++++++++++++++++++++++
2020-05-15 01:01:22,201 INFO:	New Train Loop Start:
2020-05-15 01:09:04,100 INFO:++++++++++++++++++++++++++++++++++++++++++++++++++++++++++++++++++++++++++++++++++++++++++++++++++
2020-05-15 01:09:04,101 INFO:	New Train Loop Start:
2020-05-15 01:36:42,790 INFO:++++++++++++++++++++++++++++++++++++++++++++++++++++++++++++++++++++++++++++++++++++++++++++++++++
2020-05-15 01:36:42,790 INFO:	New Train Loop Start:
2020-05-15 01:38:45,171 INFO:++++++++++++++++++++++++++++++++++++++++++++++++++++++++++++++++++++++++++++++++++++++++++++++++++
2020-05-15 01:38:45,172 INFO:	New Train Loop Start:
2020-05-15 01:54:57,169 INFO:++++++++++++++++++++++++++++++++++++++++++++++++++++++++++++++++++++++++++++++++++++++++++++++++++
2020-05-15 01:54:57,170 INFO:	New Train Loop Start:
2020-05-15 01:55:24,872 INFO:++++++++++++++++++++++++++++++++++++++++++++++++++++++++++++++++++++++++++++++++++++++++++++++++++
2020-05-15 01:55:24,873 INFO:	New Train Loop Start:
2020-05-15 01:56:16,767 INFO:++++++++++++++++++++++++++++++++++++++++++++++++++++++++++++++++++++++++++++++++++++++++++++++++++
2020-05-15 01:56:16,768 INFO:	New Train Loop Start:
2020-05-15 02:15:08,236 INFO:++++++++++++++++++++++++++++++++++++++++++++++++++++++++++++++++++++++++++++++++++++++++++++++++++
2020-05-15 02:15:08,236 INFO:	New Train Loop Start:
2020-05-15 02:15:14,077 INFO:++++++++++++++++++++++++++++++++++++++++++++++++++++++++++++++++++++++++++++++++++++++++++++++++++
2020-05-15 02:15:14,078 INFO:	New Train Loop Start:
2020-05-15 02:47:47,649 INFO:++++++++++++++++++++++++++++++++++++++++++++++++++++++++++++++++++++++++++++++++++++++++++++++++++
2020-05-15 02:47:47,650 INFO:	New Train Loop Start:
2020-05-15 10:05:32,992 INFO:++++++++++++++++++++++++++++++++++++++++++++++++++++++++++++++++++++++++++++++++++++++++++++++++++
2020-05-15 10:05:32,993 INFO:	New Train Loop Start:
2020-05-15 10:22:36,578 INFO:++++++++++++++++++++++++++++++++++++++++++++++++++++++++++++++++++++++++++++++++++++++++++++++++++
2020-05-15 10:22:36,579 INFO:	New Train Loop Start:
